[debug] [2024-03-15T17:28:34.725Z] ----------------------------------------------------------------------
[debug] [2024-03-15T17:28:34.734Z] Command:       C:\Program Files\nodejs\node.exe C:\Users\parre\AppData\Roaming\npm\node_modules\firebase-tools\lib\bin\firebase.js serve
[debug] [2024-03-15T17:28:34.735Z] CLI Version:   13.2.1
[debug] [2024-03-15T17:28:34.736Z] Platform:      win32
[debug] [2024-03-15T17:28:34.737Z] Node Version:  v20.11.0
[debug] [2024-03-15T17:28:34.738Z] Time:          Fri Mar 15 2024 17:28:34 GMT+0000 (Greenwich Mean Time)
[debug] [2024-03-15T17:28:34.738Z] ----------------------------------------------------------------------
[debug] 
[debug] [2024-03-15T17:28:34.941Z] > command requires scopes: ["email","openid","https://www.googleapis.com/auth/cloudplatformprojects.readonly","https://www.googleapis.com/auth/firebase","https://www.googleapis.com/auth/cloud-platform"]
[debug] [2024-03-15T17:28:34.942Z] > authorizing via signed-in user (jorgefparreira@gmail.com)
[debug] [2024-03-15T17:28:34.943Z] [iam] checking project moss-and-bark for permissions ["firebase.projects.get"]
[debug] [2024-03-15T17:28:34.945Z] >>> [apiv2][query] POST https://cloudresourcemanager.googleapis.com/v1/projects/moss-and-bark:testIamPermissions [none]
[debug] [2024-03-15T17:28:34.945Z] >>> [apiv2][(partial)header] POST https://cloudresourcemanager.googleapis.com/v1/projects/moss-and-bark:testIamPermissions x-goog-quota-user=projects/moss-and-bark
[debug] [2024-03-15T17:28:34.946Z] >>> [apiv2][body] POST https://cloudresourcemanager.googleapis.com/v1/projects/moss-and-bark:testIamPermissions {"permissions":["firebase.projects.get"]}
[debug] [2024-03-15T17:28:35.778Z] <<< [apiv2][status] POST https://cloudresourcemanager.googleapis.com/v1/projects/moss-and-bark:testIamPermissions 200
[debug] [2024-03-15T17:28:35.778Z] <<< [apiv2][body] POST https://cloudresourcemanager.googleapis.com/v1/projects/moss-and-bark:testIamPermissions {"permissions":["firebase.projects.get"]}
[debug] [2024-03-15T17:28:35.779Z] >>> [apiv2][query] GET https://firebase.googleapis.com/v1beta1/projects/moss-and-bark [none]
[debug] [2024-03-15T17:28:36.144Z] <<< [apiv2][status] GET https://firebase.googleapis.com/v1beta1/projects/moss-and-bark 200
[debug] [2024-03-15T17:28:36.144Z] <<< [apiv2][body] GET https://firebase.googleapis.com/v1beta1/projects/moss-and-bark {"projectId":"moss-and-bark","projectNumber":"46000434650","displayName":"moss-and-bark","name":"projects/moss-and-bark","resources":{"hostingSite":"moss-and-bark","realtimeDatabaseInstance":"moss-and-bark","storageBucket":"moss-and-bark.appspot.com","locationId":"europe-west2"},"state":"ACTIVE","etag":"1_95b45ac8-e409-4583-b36a-b998f834af84"}
[info] 
[info] === Serving from 'C:\WebDev\moss-and-bark'...
[info] 
[debug] [2024-03-15T17:28:36.153Z] defaultcredentials: writing to file C:\Users\parre\AppData\Roaming\firebase\jorgefparreira_gmail_com_application_default_credentials.json
[debug] [2024-03-15T17:28:36.154Z] >>> [apiv2][query] GET https://firebasehosting.googleapis.com/v1beta1/projects/moss-and-bark/sites 
[debug] [2024-03-15T17:28:36.159Z] Setting GAC to C:\Users\parre\AppData\Roaming\firebase\jorgefparreira_gmail_com_application_default_credentials.json {"metadata":{"emulator":{"name":"functions"},"message":"Setting GAC to C:\\Users\\parre\\AppData\\Roaming\\firebase\\jorgefparreira_gmail_com_application_default_credentials.json"}}
[debug] [2024-03-15T17:28:36.159Z] >>> [apiv2][query] GET https://firebase.googleapis.com/v1beta1/projects/moss-and-bark/adminSdkConfig [none]
[debug] [2024-03-15T17:28:36.653Z] <<< [apiv2][status] GET https://firebase.googleapis.com/v1beta1/projects/moss-and-bark/adminSdkConfig 200
[debug] [2024-03-15T17:28:36.654Z] <<< [apiv2][body] GET https://firebase.googleapis.com/v1beta1/projects/moss-and-bark/adminSdkConfig {"projectId":"moss-and-bark","databaseURL":"https://moss-and-bark.firebaseio.com","storageBucket":"moss-and-bark.appspot.com","locationId":"europe-west2"}
[debug] [2024-03-15T17:28:36.674Z] Error: listen EADDRINUSE: address already in use ::1:5001
    at Server.setupListenHandle [as _listen2] (node:net:1872:16)
    at listenInCluster (node:net:1920:12)
    at GetAddrInfoReqWrap.doListen [as callback] (node:net:2075:7)
    at GetAddrInfoReqWrap.onlookup [as oncomplete] (node:dns:109:8)
[error] 
[error] Error: An unexpected error has occurred.
